2025-03-27T17:34:11.815Z [INFO]: Archiving user with ID: 9TXvIRINbpd7HiIujdryhF1QYNr2
2025-03-27T17:34:11.822Z [INFO]: Starting archive process for user: 9TXvIRINbpd7HiIujdryhF1QYNr2
2025-03-27T17:34:12.254Z [INFO]: Looking for user document with ID: user_9TXvIRIN
2025-03-27T17:34:12.791Z [INFO]: User 9TXvIRINbpd7HiIujdryhF1QYNr2 saved to archives with ID: user_9TXvIRIN
2025-03-27T17:34:12.946Z [INFO]: No appointments found for user 9TXvIRINbpd7HiIujdryhF1QYNr2
2025-03-27T17:34:13.063Z [INFO]: No notifications found for user 9TXvIRINbpd7HiIujdryhF1QYNr2
2025-03-27T17:34:13.177Z [INFO]: No userPreferences found for user 9TXvIRINbpd7HiIujdryhF1QYNr2
2025-03-27T17:34:13.285Z [INFO]: No userActivity found for user 9TXvIRINbpd7HiIujdryhF1QYNr2
2025-03-27T17:34:13.439Z [INFO]: User 9TXvIRINbpd7HiIujdryhF1QYNr2 deleted from users collection
2025-03-27T17:34:14.265Z [INFO]: User 9TXvIRINbpd7HiIujdryhF1QYNr2 disabled in Firebase Auth
2025-03-27T17:34:19.741Z [INFO]: Archiving user with ID: S3t9wG5kJFgDWsH7SSb87bLqds93
2025-03-27T17:34:19.742Z [INFO]: Starting archive process for user: S3t9wG5kJFgDWsH7SSb87bLqds93
2025-03-27T17:34:20.106Z [INFO]: Looking for user document with ID: user_S3t9wG5k
2025-03-27T17:34:20.299Z [INFO]: User S3t9wG5kJFgDWsH7SSb87bLqds93 saved to archives with ID: user_S3t9wG5k
2025-03-27T17:34:20.383Z [INFO]: No appointments found for user S3t9wG5kJFgDWsH7SSb87bLqds93
2025-03-27T17:34:20.449Z [INFO]: No notifications found for user S3t9wG5kJFgDWsH7SSb87bLqds93
2025-03-27T17:34:20.512Z [INFO]: No userPreferences found for user S3t9wG5kJFgDWsH7SSb87bLqds93
2025-03-27T17:34:20.576Z [INFO]: No userActivity found for user S3t9wG5kJFgDWsH7SSb87bLqds93
2025-03-27T17:34:20.656Z [INFO]: User S3t9wG5kJFgDWsH7SSb87bLqds93 deleted from users collection
2025-03-27T17:34:21.587Z [INFO]: User S3t9wG5kJFgDWsH7SSb87bLqds93 disabled in Firebase Auth
2025-03-27T17:34:30.237Z [INFO]: Archiving user with ID: aSlfgyySmKU10XZNG6tMhyysFkB2
2025-03-27T17:34:30.243Z [INFO]: Starting archive process for user: aSlfgyySmKU10XZNG6tMhyysFkB2
2025-03-27T17:34:30.603Z [INFO]: Looking for user document with ID: user_aSlfgyyS
2025-03-27T17:34:30.946Z [INFO]: User aSlfgyySmKU10XZNG6tMhyysFkB2 saved to archives with ID: user_aSlfgyyS
2025-03-27T17:34:31.065Z [INFO]: No appointments found for user aSlfgyySmKU10XZNG6tMhyysFkB2
2025-03-27T17:34:31.198Z [INFO]: No notifications found for user aSlfgyySmKU10XZNG6tMhyysFkB2
2025-03-27T17:34:31.293Z [INFO]: No userPreferences found for user aSlfgyySmKU10XZNG6tMhyysFkB2
2025-03-27T17:34:31.419Z [INFO]: No userActivity found for user aSlfgyySmKU10XZNG6tMhyysFkB2
2025-03-27T17:34:31.652Z [INFO]: User aSlfgyySmKU10XZNG6tMhyysFkB2 deleted from users collection
2025-03-27T17:34:32.390Z [INFO]: User aSlfgyySmKU10XZNG6tMhyysFkB2 disabled in Firebase Auth
2025-03-27T17:34:50.149Z [INFO]: Permanently deleting user with ID: aSlfgyySmKU10XZNG6tMhyysFkB2
2025-03-27T17:34:50.150Z [INFO]: Starting permanent deletion process for user: aSlfgyySmKU10XZNG6tMhyysFkB2
2025-03-27T17:34:50.800Z [INFO]: User aSlfgyySmKU10XZNG6tMhyysFkB2 deleted from Firebase Auth
2025-03-27T17:34:50.893Z [INFO]: User aSlfgyySmKU10XZNG6tMhyysFkB2 deleted from archives
2025-03-27T17:34:50.968Z [INFO]: No archived appointments found for user aSlfgyySmKU10XZNG6tMhyysFkB2
2025-03-27T17:34:51.055Z [INFO]: No archived notifications found for user aSlfgyySmKU10XZNG6tMhyysFkB2
2025-03-27T17:34:51.137Z [INFO]: No archived userPreferences found for user aSlfgyySmKU10XZNG6tMhyysFkB2
2025-03-27T17:34:51.206Z [INFO]: No archived userActivity found for user aSlfgyySmKU10XZNG6tMhyysFkB2
2025-03-27T17:34:51.305Z [INFO]: Permanently deleting user with ID: S3t9wG5kJFgDWsH7SSb87bLqds93
2025-03-27T17:34:51.306Z [INFO]: Starting permanent deletion process for user: S3t9wG5kJFgDWsH7SSb87bLqds93
2025-03-27T17:34:52.674Z [INFO]: User S3t9wG5kJFgDWsH7SSb87bLqds93 deleted from Firebase Auth
2025-03-27T17:34:52.758Z [INFO]: User S3t9wG5kJFgDWsH7SSb87bLqds93 deleted from archives
2025-03-27T17:34:52.821Z [INFO]: No archived appointments found for user S3t9wG5kJFgDWsH7SSb87bLqds93
2025-03-27T17:34:52.896Z [INFO]: No archived notifications found for user S3t9wG5kJFgDWsH7SSb87bLqds93
2025-03-27T17:34:52.960Z [INFO]: No archived userPreferences found for user S3t9wG5kJFgDWsH7SSb87bLqds93
2025-03-27T17:34:53.017Z [INFO]: No archived userActivity found for user S3t9wG5kJFgDWsH7SSb87bLqds93
2025-03-27T17:34:53.116Z [INFO]: Permanently deleting user with ID: 9TXvIRINbpd7HiIujdryhF1QYNr2
2025-03-27T17:34:53.117Z [INFO]: Starting permanent deletion process for user: 9TXvIRINbpd7HiIujdryhF1QYNr2
2025-03-27T17:34:53.676Z [INFO]: User 9TXvIRINbpd7HiIujdryhF1QYNr2 deleted from Firebase Auth
2025-03-27T17:34:53.756Z [INFO]: User 9TXvIRINbpd7HiIujdryhF1QYNr2 deleted from archives
2025-03-27T17:34:53.813Z [INFO]: No archived appointments found for user 9TXvIRINbpd7HiIujdryhF1QYNr2
2025-03-27T17:34:53.865Z [INFO]: No archived notifications found for user 9TXvIRINbpd7HiIujdryhF1QYNr2
2025-03-27T17:34:53.928Z [INFO]: No archived userPreferences found for user 9TXvIRINbpd7HiIujdryhF1QYNr2
2025-03-27T17:34:53.985Z [INFO]: No archived userActivity found for user 9TXvIRINbpd7HiIujdryhF1QYNr2
2025-03-27T17:38:00.363Z [INFO]: Archiving user with ID: nMZT4xFFnBNjzNk412fvpdNcAe52
2025-03-27T17:38:00.364Z [INFO]: Starting archive process for user: nMZT4xFFnBNjzNk412fvpdNcAe52
2025-03-27T17:38:00.841Z [INFO]: Looking for user document with ID: user_nMZT4xFF
2025-03-27T17:38:01.024Z [INFO]: User nMZT4xFFnBNjzNk412fvpdNcAe52 saved to archives with ID: user_nMZT4xFF
2025-03-27T17:38:01.100Z [INFO]: No appointments found for user nMZT4xFFnBNjzNk412fvpdNcAe52
2025-03-27T17:38:01.176Z [INFO]: No notifications found for user nMZT4xFFnBNjzNk412fvpdNcAe52
2025-03-27T17:38:01.249Z [INFO]: No userPreferences found for user nMZT4xFFnBNjzNk412fvpdNcAe52
2025-03-27T17:38:01.344Z [INFO]: No userActivity found for user nMZT4xFFnBNjzNk412fvpdNcAe52
2025-03-27T17:38:01.437Z [INFO]: User nMZT4xFFnBNjzNk412fvpdNcAe52 deleted from users collection
2025-03-27T17:38:02.445Z [INFO]: User nMZT4xFFnBNjzNk412fvpdNcAe52 disabled in Firebase Auth
2025-03-27T17:38:16.367Z [INFO]: Permanently deleting user with ID: nMZT4xFFnBNjzNk412fvpdNcAe52
2025-03-27T17:38:16.368Z [INFO]: Starting permanent deletion process for user: nMZT4xFFnBNjzNk412fvpdNcAe52
2025-03-27T17:38:17.039Z [INFO]: User nMZT4xFFnBNjzNk412fvpdNcAe52 deleted from Firebase Auth
2025-03-27T17:38:17.111Z [INFO]: User nMZT4xFFnBNjzNk412fvpdNcAe52 deleted from archives
2025-03-27T17:38:17.186Z [INFO]: No archived appointments found for user nMZT4xFFnBNjzNk412fvpdNcAe52
2025-03-27T17:38:17.262Z [INFO]: No archived notifications found for user nMZT4xFFnBNjzNk412fvpdNcAe52
2025-03-27T17:38:17.343Z [INFO]: No archived userPreferences found for user nMZT4xFFnBNjzNk412fvpdNcAe52
2025-03-27T17:38:17.413Z [INFO]: No archived userActivity found for user nMZT4xFFnBNjzNk412fvpdNcAe52
2025-03-27T17:39:15.415Z [INFO]: Archiving user with ID: YcqG9LosEURNoTcivYwUDHmUzkC3
2025-03-27T17:39:15.416Z [INFO]: Starting archive process for user: YcqG9LosEURNoTcivYwUDHmUzkC3
2025-03-27T17:39:15.846Z [INFO]: Looking for user document with ID: user_YcqG9Los
2025-03-27T17:39:15.998Z [INFO]: User YcqG9LosEURNoTcivYwUDHmUzkC3 saved to archives with ID: user_YcqG9Los
2025-03-27T17:39:16.065Z [INFO]: No appointments found for user YcqG9LosEURNoTcivYwUDHmUzkC3
2025-03-27T17:39:16.138Z [INFO]: No notifications found for user YcqG9LosEURNoTcivYwUDHmUzkC3
2025-03-27T17:39:16.198Z [INFO]: No userPreferences found for user YcqG9LosEURNoTcivYwUDHmUzkC3
2025-03-27T17:39:16.268Z [INFO]: No userActivity found for user YcqG9LosEURNoTcivYwUDHmUzkC3
2025-03-27T17:39:16.331Z [INFO]: User YcqG9LosEURNoTcivYwUDHmUzkC3 deleted from users collection
2025-03-27T17:39:17.329Z [INFO]: User YcqG9LosEURNoTcivYwUDHmUzkC3 disabled in Firebase Auth
2025-03-27T17:39:33.714Z [INFO]: Permanently deleting user with ID: YcqG9LosEURNoTcivYwUDHmUzkC3
2025-03-27T17:39:33.715Z [INFO]: Starting permanent deletion process for user: YcqG9LosEURNoTcivYwUDHmUzkC3
2025-03-27T17:39:34.345Z [INFO]: User YcqG9LosEURNoTcivYwUDHmUzkC3 deleted from Firebase Auth
2025-03-27T17:39:34.440Z [INFO]: User YcqG9LosEURNoTcivYwUDHmUzkC3 deleted from archives
2025-03-27T17:39:34.507Z [INFO]: No archived appointments found for user YcqG9LosEURNoTcivYwUDHmUzkC3
2025-03-27T17:39:34.582Z [INFO]: No archived notifications found for user YcqG9LosEURNoTcivYwUDHmUzkC3
2025-03-27T17:39:34.651Z [INFO]: No archived userPreferences found for user YcqG9LosEURNoTcivYwUDHmUzkC3
2025-03-27T17:39:34.705Z [INFO]: No archived userActivity found for user YcqG9LosEURNoTcivYwUDHmUzkC3
2025-03-27T17:40:48.777Z [INFO]: Archiving user with ID: h7AXCPqELIQHNVy1fY1kzpYI0EN2
2025-03-27T17:40:48.782Z [INFO]: Starting archive process for user: h7AXCPqELIQHNVy1fY1kzpYI0EN2
2025-03-27T17:40:49.067Z [INFO]: Looking for user document with ID: user_h7AXCPqE
2025-03-27T17:40:49.250Z [INFO]: User h7AXCPqELIQHNVy1fY1kzpYI0EN2 saved to archives with ID: user_h7AXCPqE
2025-03-27T17:40:49.318Z [INFO]: No appointments found for user h7AXCPqELIQHNVy1fY1kzpYI0EN2
2025-03-27T17:40:49.386Z [INFO]: No notifications found for user h7AXCPqELIQHNVy1fY1kzpYI0EN2
2025-03-27T17:40:49.475Z [INFO]: No userPreferences found for user h7AXCPqELIQHNVy1fY1kzpYI0EN2
2025-03-27T17:40:49.552Z [INFO]: No userActivity found for user h7AXCPqELIQHNVy1fY1kzpYI0EN2
2025-03-27T17:40:49.637Z [INFO]: User h7AXCPqELIQHNVy1fY1kzpYI0EN2 deleted from users collection
2025-03-27T17:40:50.457Z [INFO]: User h7AXCPqELIQHNVy1fY1kzpYI0EN2 disabled in Firebase Auth
2025-03-27T17:41:11.707Z [INFO]: Permanently deleting user with ID: h7AXCPqELIQHNVy1fY1kzpYI0EN2
2025-03-27T17:41:11.709Z [INFO]: Starting permanent deletion process for user: h7AXCPqELIQHNVy1fY1kzpYI0EN2
2025-03-27T17:41:12.337Z [INFO]: User h7AXCPqELIQHNVy1fY1kzpYI0EN2 deleted from Firebase Auth
2025-03-27T17:41:12.422Z [INFO]: User h7AXCPqELIQHNVy1fY1kzpYI0EN2 deleted from archives
2025-03-27T17:41:12.507Z [INFO]: No archived appointments found for user h7AXCPqELIQHNVy1fY1kzpYI0EN2
2025-03-27T17:41:12.574Z [INFO]: No archived notifications found for user h7AXCPqELIQHNVy1fY1kzpYI0EN2
2025-03-27T17:41:12.637Z [INFO]: No archived userPreferences found for user h7AXCPqELIQHNVy1fY1kzpYI0EN2
2025-03-27T17:41:12.697Z [INFO]: No archived userActivity found for user h7AXCPqELIQHNVy1fY1kzpYI0EN2
2025-03-27T17:43:27.378Z [INFO]: Archiving user with ID: J92LIXAvBbYOkOGajNnPb8MKYgg1
2025-03-27T17:43:27.379Z [INFO]: Starting archive process for user: J92LIXAvBbYOkOGajNnPb8MKYgg1
2025-03-27T17:43:27.746Z [INFO]: Looking for user document with ID: user_J92LIXAv
2025-03-27T17:43:27.898Z [INFO]: User J92LIXAvBbYOkOGajNnPb8MKYgg1 saved to archives with ID: user_J92LIXAv
2025-03-27T17:43:27.984Z [INFO]: No appointments found for user J92LIXAvBbYOkOGajNnPb8MKYgg1
2025-03-27T17:43:28.089Z [INFO]: No notifications found for user J92LIXAvBbYOkOGajNnPb8MKYgg1
2025-03-27T17:43:28.160Z [INFO]: No userPreferences found for user J92LIXAvBbYOkOGajNnPb8MKYgg1
2025-03-27T17:43:28.233Z [INFO]: No userActivity found for user J92LIXAvBbYOkOGajNnPb8MKYgg1
2025-03-27T17:43:28.328Z [INFO]: User J92LIXAvBbYOkOGajNnPb8MKYgg1 deleted from users collection
2025-03-27T17:43:29.242Z [INFO]: User J92LIXAvBbYOkOGajNnPb8MKYgg1 disabled in Firebase Auth
2025-03-27T17:43:41.511Z [INFO]: Permanently deleting user with ID: J92LIXAvBbYOkOGajNnPb8MKYgg1
2025-03-27T17:43:41.512Z [INFO]: Starting permanent deletion process for user: J92LIXAvBbYOkOGajNnPb8MKYgg1
2025-03-27T17:43:42.174Z [INFO]: User J92LIXAvBbYOkOGajNnPb8MKYgg1 deleted from Firebase Auth
2025-03-27T17:43:42.266Z [INFO]: User J92LIXAvBbYOkOGajNnPb8MKYgg1 deleted from archives
2025-03-27T17:43:42.328Z [INFO]: No archived appointments found for user J92LIXAvBbYOkOGajNnPb8MKYgg1
2025-03-27T17:43:42.449Z [INFO]: No archived notifications found for user J92LIXAvBbYOkOGajNnPb8MKYgg1
2025-03-27T17:43:42.512Z [INFO]: No archived userPreferences found for user J92LIXAvBbYOkOGajNnPb8MKYgg1
2025-03-27T17:43:42.564Z [INFO]: No archived userActivity found for user J92LIXAvBbYOkOGajNnPb8MKYgg1
2025-03-27T17:57:28.320Z [INFO]: Archiving user with ID: Yv3xEzzGObfozYgU56icsmm0zWl2
2025-03-27T17:57:28.325Z [INFO]: Starting archive process for user: Yv3xEzzGObfozYgU56icsmm0zWl2
2025-03-27T17:57:28.657Z [INFO]: Looking for user document with ID: user_Yv3xEzzG
2025-03-27T17:57:29.166Z [INFO]: User Yv3xEzzGObfozYgU56icsmm0zWl2 saved to archives with ID: user_Yv3xEzzG
2025-03-27T17:57:29.477Z [INFO]: No appointments found for user Yv3xEzzGObfozYgU56icsmm0zWl2
2025-03-27T17:57:29.559Z [INFO]: No notifications found for user Yv3xEzzGObfozYgU56icsmm0zWl2
2025-03-27T17:57:29.718Z [INFO]: No userPreferences found for user Yv3xEzzGObfozYgU56icsmm0zWl2
2025-03-27T17:57:29.804Z [INFO]: No userActivity found for user Yv3xEzzGObfozYgU56icsmm0zWl2
2025-03-27T17:57:30.091Z [INFO]: User Yv3xEzzGObfozYgU56icsmm0zWl2 deleted from users collection
2025-03-27T17:57:30.997Z [INFO]: User Yv3xEzzGObfozYgU56icsmm0zWl2 disabled in Firebase Auth
2025-03-27T17:57:41.079Z [INFO]: Permanently deleting user with ID: Yv3xEzzGObfozYgU56icsmm0zWl2
2025-03-27T17:57:41.081Z [INFO]: Starting permanent deletion process for user: Yv3xEzzGObfozYgU56icsmm0zWl2
2025-03-27T17:57:41.970Z [INFO]: User Yv3xEzzGObfozYgU56icsmm0zWl2 deleted from Firebase Auth
2025-03-27T17:57:42.054Z [INFO]: User Yv3xEzzGObfozYgU56icsmm0zWl2 deleted from archives
2025-03-27T17:57:42.194Z [INFO]: No archived appointments found for user Yv3xEzzGObfozYgU56icsmm0zWl2
2025-03-27T17:57:42.283Z [INFO]: No archived notifications found for user Yv3xEzzGObfozYgU56icsmm0zWl2
2025-03-27T17:57:42.584Z [INFO]: No archived userPreferences found for user Yv3xEzzGObfozYgU56icsmm0zWl2
2025-03-27T17:57:42.661Z [INFO]: No archived userActivity found for user Yv3xEzzGObfozYgU56icsmm0zWl2
2025-03-27T18:02:31.481Z [INFO]: Archiving user with ID: eV1B44nfA7a1cZU7tnMXWamg5rY2
2025-03-27T18:02:31.483Z [INFO]: Starting archive process for user: eV1B44nfA7a1cZU7tnMXWamg5rY2
2025-03-27T18:02:31.847Z [INFO]: Looking for user document with ID: user_eV1B44nf
2025-03-27T18:02:32.303Z [INFO]: User eV1B44nfA7a1cZU7tnMXWamg5rY2 saved to archives with ID: user_eV1B44nf
2025-03-27T18:02:32.541Z [INFO]: No appointments found for user eV1B44nfA7a1cZU7tnMXWamg5rY2
2025-03-27T18:02:32.623Z [INFO]: No notifications found for user eV1B44nfA7a1cZU7tnMXWamg5rY2
2025-03-27T18:02:32.794Z [INFO]: No userPreferences found for user eV1B44nfA7a1cZU7tnMXWamg5rY2
2025-03-27T18:02:32.877Z [INFO]: No userActivity found for user eV1B44nfA7a1cZU7tnMXWamg5rY2
2025-03-27T18:02:33.035Z [INFO]: User eV1B44nfA7a1cZU7tnMXWamg5rY2 deleted from users collection
2025-03-27T18:02:33.832Z [INFO]: User eV1B44nfA7a1cZU7tnMXWamg5rY2 disabled in Firebase Auth
2025-03-27T18:02:43.164Z [INFO]: Permanently deleting user with ID: eV1B44nfA7a1cZU7tnMXWamg5rY2
2025-03-27T18:02:43.165Z [INFO]: Starting permanent deletion process for user: eV1B44nfA7a1cZU7tnMXWamg5rY2
2025-03-27T18:02:44.055Z [INFO]: User eV1B44nfA7a1cZU7tnMXWamg5rY2 deleted from Firebase Auth
2025-03-27T18:02:44.153Z [INFO]: User eV1B44nfA7a1cZU7tnMXWamg5rY2 deleted from archives
2025-03-27T18:02:44.277Z [INFO]: No archived appointments found for user eV1B44nfA7a1cZU7tnMXWamg5rY2
2025-03-27T18:02:44.401Z [INFO]: No archived notifications found for user eV1B44nfA7a1cZU7tnMXWamg5rY2
2025-03-27T18:02:44.510Z [INFO]: No archived userPreferences found for user eV1B44nfA7a1cZU7tnMXWamg5rY2
2025-03-27T18:02:44.613Z [INFO]: No archived userActivity found for user eV1B44nfA7a1cZU7tnMXWamg5rY2
